Using pre-set license
Built from '2020.2/china_unity/release' branch; Version is '2020.2.0f1c1 (f2fe8b73675a) revision 15924875'; Using compiler version '192528614'; Build Type 'Release'
OS: 'Windows 10  (10.0.0) 64bit' Language: 'zh' Physical Memory: 16185 MB
BatchMode: 1, IsHumanControllingUs: 0, StartBugReporterOnCrash: 0, Is64bit: 1, IsPro: 0

 COMMAND LINE ARGUMENTS:
C:\Program Files\Unity\Hub\Editor\2020.2.0f1c1\Editor\Unity.exe
-adb2
-batchMode
-noUpm
-name
AssetImportWorker0
-projectPath
D:/Code_GIT/github-dingxing/StarForce
-logFile
Logs/AssetImportWorker0.log
-srvPort
51938
Successfully changed project path to: D:/Code_GIT/github-dingxing/StarForce
D:/Code_GIT/github-dingxing/StarForce
Using Asset Import Pipeline V2.
Refreshing native plugins compatible for Editor in 23.15 ms, found 0 plugins.
Preloading 0 native plugins for Editor in 0.00 ms.
Initialize engine version: 2020.2.0f1c1 (f2fe8b73675a)
[Subsystems] Discovering subsystems at path C:/Program Files/Unity/Hub/Editor/2020.2.0f1c1/Editor/Data/Resources/UnitySubsystems
[Subsystems] Discovering subsystems at path D:/Code_GIT/github-dingxing/StarForce/Assets
GfxDevice: creating device client; threaded=0
Direct3D:
    Version:  Direct3D 11.0 [level 11.1]
    Renderer: NVIDIA GeForce RTX 2070 SUPER (ID=0x1e84)
    Vendor:   
    VRAM:     8011 MB
    Driver:   27.21.14.5167
Initialize mono
Mono path[0] = 'C:/Program Files/Unity/Hub/Editor/2020.2.0f1c1/Editor/Data/Managed'
Mono path[1] = 'C:/Program Files/Unity/Hub/Editor/2020.2.0f1c1/Editor/Data/MonoBleedingEdge/lib/mono/unityjit'
Mono config path = 'C:/Program Files/Unity/Hub/Editor/2020.2.0f1c1/Editor/Data/MonoBleedingEdge/etc'
Using monoOptions --debugger-agent=transport=dt_socket,embedding=1,server=y,suspend=n,address=127.0.0.1:56920
Begin MonoManager ReloadAssembly
Registering precompiled unity dll's ...
Register platform support module: C:/Program Files/Unity/Hub/Editor/2020.2.0f1c1/Editor/Data/PlaybackEngines/WindowsStandaloneSupport/UnityEditor.WindowsStandalone.Extensions.dll
Registered in 0.005293 seconds.
Native extension for WindowsStandalone target not found
Refreshing native plugins compatible for Editor in 21.98 ms, found 0 plugins.
Preloading 0 native plugins for Editor in 0.00 ms.
Invoked RoslynAnalysisRunner static constructor.
RoslynAnalysisRunner will not be running.
RoslynAnalysisRunner has terminated.
Mono: successfully reloaded assembly
- Completed reload, in  2.262 seconds
Platform modules already initialized, skipping
Registering precompiled user dll's ...
Registered in 0.001525 seconds.
Begin MonoManager ReloadAssembly
Native extension for WindowsStandalone target not found
Refreshing native plugins compatible for Editor in 0.28 ms, found 0 plugins.
Preloading 0 native plugins for Editor in 0.00 ms.
Invoked RoslynAnalysisRunner static constructor.
RoslynAnalysisRunner will not be running.
RoslynAnalysisRunner has terminated.
Mono: successfully reloaded assembly
- Completed reload, in  0.881 seconds
Platform modules already initialized, skipping
========================================================================
Worker process is ready to serve import requests
Launched and connected shader compiler UnityShaderCompiler.exe after 0.07 seconds
Refreshing native plugins compatible for Editor in 0.22 ms, found 0 plugins.
Preloading 0 native plugins for Editor in 0.00 ms.
Unloading 1226 Unused Serialized files (Serialized files now loaded: 0)
System memory in use before: 59.0 MB.
System memory in use after: 59.0 MB.

Unloading 11 unused Assets to reduce memory usage. Loaded Objects now: 1666.
Total: 1.559400 ms (FindLiveObjects: 0.121000 ms CreateObjectMapping: 0.039400 ms MarkObjects: 1.353600 ms  DeleteObjects: 0.044500 ms)

========================================================================
Received Import Request.
  path: Assets/GameMain/Scenes/Main.unity
  artifactKey: Guid(4473d81b14ddb0143addf0e6050d8491) Importer(815301076,1909f56bfc062723c751e8b465ee728b)
Start importing Assets/GameMain/Scenes/Main.unity using Guid(4473d81b14ddb0143addf0e6050d8491) Importer(815301076,1909f56bfc062723c751e8b465ee728b)  -> (artifact id: '8388bc91ac34eea025880376506196e9') in 0.014889 seconds
  Import took 0.018708 seconds .

========================================================================
Received Prepare
Registering precompiled user dll's ...
Registered in 0.002523 seconds.
Begin MonoManager ReloadAssembly
Native extension for WindowsStandalone target not found
Refreshing native plugins compatible for Editor in 0.23 ms, found 0 plugins.
Preloading 0 native plugins for Editor in 0.00 ms.
Invoked RoslynAnalysisRunner static constructor.
RoslynAnalysisRunner will not be running.
RoslynAnalysisRunner has terminated.
Mono: successfully reloaded assembly
- Completed reload, in  0.851 seconds
Platform modules already initialized, skipping
Refreshing native plugins compatible for Editor in 0.29 ms, found 0 plugins.
Preloading 0 native plugins for Editor in 0.00 ms.
Unloading 1504 Unused Serialized files (Serialized files now loaded: 0)
System memory in use before: 66.7 MB.
System memory in use after: 66.8 MB.

Unloading 8 unused Assets to reduce memory usage. Loaded Objects now: 1950.
Total: 1.427600 ms (FindLiveObjects: 0.152000 ms CreateObjectMapping: 0.047600 ms MarkObjects: 1.206900 ms  DeleteObjects: 0.020000 ms)

========================================================================
Received Import Request.
  Time since last request: 216.605279 seconds.
  path: Assets/Lib
  artifactKey: Guid(6986eeaebdc17c24580d0ccf03bb86d2) Importer(815301076,1909f56bfc062723c751e8b465ee728b)
Start importing Assets/Lib using Guid(6986eeaebdc17c24580d0ccf03bb86d2) Importer(815301076,1909f56bfc062723c751e8b465ee728b)  -> (artifact id: '589c617a2acdd75de677e4781114d97f') in 0.005537 seconds
  Import took 0.007527 seconds .

========================================================================
Received Import Request.
  Time since last request: 7.704228 seconds.
  path: Assets/Libs
  artifactKey: Guid(6986eeaebdc17c24580d0ccf03bb86d2) Importer(815301076,1909f56bfc062723c751e8b465ee728b)
Start importing Assets/Libs using Guid(6986eeaebdc17c24580d0ccf03bb86d2) Importer(815301076,1909f56bfc062723c751e8b465ee728b)  -> (artifact id: '9d287f6bd0e9683eae1bf1a241ee7e2e') in 0.003828 seconds
  Import took 0.005896 seconds .

========================================================================
Received Prepare
Registering precompiled user dll's ...
Registered in 0.003538 seconds.
Begin MonoManager ReloadAssembly
Native extension for WindowsStandalone target not found
Refreshing native plugins compatible for Editor in 0.31 ms, found 0 plugins.
Preloading 0 native plugins for Editor in 0.00 ms.
Disabling WSA platform on asset settings for D:\Code_GIT\github-dingxing\StarForce\Assets\NuGet.config

Invoked RoslynAnalysisRunner static constructor.
RoslynAnalysisRunner will not be running.
RoslynAnalysisRunner has terminated.
Mono: successfully reloaded assembly
- Completed reload, in  0.913 seconds
Platform modules already initialized, skipping
Refreshing native plugins compatible for Editor in 0.26 ms, found 0 plugins.
Preloading 0 native plugins for Editor in 0.00 ms.
Unloading 1508 Unused Serialized files (Serialized files now loaded: 0)
System memory in use before: 67.1 MB.
System memory in use after: 67.2 MB.

Unloading 10 unused Assets to reduce memory usage. Loaded Objects now: 1957.
Total: 1.572200 ms (FindLiveObjects: 0.164700 ms CreateObjectMapping: 0.057900 ms MarkObjects: 1.327400 ms  DeleteObjects: 0.020800 ms)

========================================================================
Received Prepare
Registering precompiled user dll's ...
Registered in 0.003633 seconds.
Begin MonoManager ReloadAssembly
Native extension for WindowsStandalone target not found
Refreshing native plugins compatible for Editor in 0.30 ms, found 0 plugins.
Preloading 0 native plugins for Editor in 0.00 ms.
DisplayProgressbar: Restoring NuGet Packages
Invoked RoslynAnalysisRunner static constructor.
RoslynAnalysisRunner will not be running.
Temp/RoslynAnalysisRunner has been deleted.
RoslynAnalysisRunner has terminated.
Mono: successfully reloaded assembly
- Completed reload, in  0.920 seconds
Platform modules already initialized, skipping
Refreshing native plugins compatible for Editor in 0.28 ms, found 0 plugins.
Preloading 0 native plugins for Editor in 0.00 ms.
Unloading 1507 Unused Serialized files (Serialized files now loaded: 0)
System memory in use before: 67.2 MB.
System memory in use after: 67.3 MB.

Unloading 11 unused Assets to reduce memory usage. Loaded Objects now: 1959.
Total: 1.586600 ms (FindLiveObjects: 0.166400 ms CreateObjectMapping: 0.059100 ms MarkObjects: 1.343900 ms  DeleteObjects: 0.016500 ms)

========================================================================
Received Prepare
Registering precompiled user dll's ...
Registered in 0.004790 seconds.
Begin MonoManager ReloadAssembly
Native extension for WindowsStandalone target not found
Refreshing native plugins compatible for Editor in 0.51 ms, found 0 plugins.
Preloading 0 native plugins for Editor in 0.00 ms.
Invoked RoslynAnalysisRunner static constructor.
RoslynAnalysisRunner will not be running.
Temp/RoslynAnalysisRunner has been deleted.
RoslynAnalysisRunner has terminated.
Mono: successfully reloaded assembly
- Completed reload, in  1.608 seconds
Platform modules already initialized, skipping
Refreshing native plugins compatible for Editor in 0.33 ms, found 0 plugins.
Preloading 0 native plugins for Editor in 0.00 ms.
Unloading 1508 Unused Serialized files (Serialized files now loaded: 0)
System memory in use before: 67.5 MB.
System memory in use after: 67.6 MB.

Unloading 12 unused Assets to reduce memory usage. Loaded Objects now: 1961.
Total: 1.573900 ms (FindLiveObjects: 0.162100 ms CreateObjectMapping: 0.051600 ms MarkObjects: 1.343900 ms  DeleteObjects: 0.014800 ms)

========================================================================
Received Prepare
Registering precompiled user dll's ...
Registered in 0.011975 seconds.
Begin MonoManager ReloadAssembly
Native extension for WindowsStandalone target not found
Refreshing native plugins compatible for Editor in 0.38 ms, found 0 plugins.
Preloading 0 native plugins for Editor in 0.00 ms.
Curl error 42: Callback aborted
Invoked RoslynAnalysisRunner static constructor.
RoslynAnalysisRunner will not be running.
RoslynAnalysisRunner has terminated.
Mono: successfully reloaded assembly
- Completed reload, in  2.272 seconds
Platform modules already initialized, skipping
Refreshing native plugins compatible for Editor in 0.28 ms, found 0 plugins.
Preloading 0 native plugins for Editor in 0.00 ms.
Unloading 1508 Unused Serialized files (Serialized files now loaded: 0)
System memory in use before: 67.6 MB.
System memory in use after: 67.7 MB.

Unloading 12 unused Assets to reduce memory usage. Loaded Objects now: 1963.
Total: 7.489400 ms (FindLiveObjects: 0.348400 ms CreateObjectMapping: 0.056200 ms MarkObjects: 7.052400 ms  DeleteObjects: 0.031100 ms)

========================================================================
Received Import Request.
  Time since last request: 525.761168 seconds.
  path: Assets/GameMain/Scenes/Menu.unity
  artifactKey: Guid(b031b4f2980561542a7f7ba41391edc3) Importer(815301076,1909f56bfc062723c751e8b465ee728b)
Start importing Assets/GameMain/Scenes/Menu.unity using Guid(b031b4f2980561542a7f7ba41391edc3) Importer(815301076,1909f56bfc062723c751e8b465ee728b)  -> (artifact id: '0471c1aee4addcbc312b6c5ccb3eef2a') in 0.012493 seconds
  Import took 0.014577 seconds .

========================================================================
Received Import Request.
  Time since last request: 54.141509 seconds.
  path: Assets/GameMain/Materials/part_star_mat.mat
  artifactKey: Guid(185f97f18bd603a478461ce9c08bd039) Importer(815301076,1909f56bfc062723c751e8b465ee728b)
Start importing Assets/GameMain/Materials/part_star_mat.mat using Guid(185f97f18bd603a478461ce9c08bd039) Importer(815301076,1909f56bfc062723c751e8b465ee728b)  -> (artifact id: '2f1fe829035cea268dda6f00e7301c6d') in 0.107685 seconds
  Import took 0.109986 seconds .

========================================================================
Received Prepare
Registering precompiled user dll's ...
Registered in 0.004265 seconds.
Begin MonoManager ReloadAssembly
Native extension for WindowsStandalone target not found
Refreshing native plugins compatible for Editor in 0.30 ms, found 0 plugins.
Preloading 0 native plugins for Editor in 0.00 ms.
Curl error 42: Callback aborted
Invoked RoslynAnalysisRunner static constructor.
RoslynAnalysisRunner will not be running.
RoslynAnalysisRunner has terminated.
Mono: successfully reloaded assembly
- Completed reload, in  1.869 seconds
Platform modules already initialized, skipping
Refreshing native plugins compatible for Editor in 0.28 ms, found 0 plugins.
Preloading 0 native plugins for Editor in 0.00 ms.
Unloading 1508 Unused Serialized files (Serialized files now loaded: 0)
System memory in use before: 71.0 MB.
System memory in use after: 71.1 MB.

Unloading 12 unused Assets to reduce memory usage. Loaded Objects now: 2005.
Total: 1.539400 ms (FindLiveObjects: 0.143700 ms CreateObjectMapping: 0.041900 ms MarkObjects: 1.338700 ms  DeleteObjects: 0.014000 ms)

========================================================================
Received Import Request.
  Time since last request: 616.026024 seconds.
  path: Assets/GameFramework/GameFramework.prefab
  artifactKey: Guid(adb3eb1c35fcff14f89fba7b05c9d71c) Importer(815301076,1909f56bfc062723c751e8b465ee728b)
Start importing Assets/GameFramework/GameFramework.prefab using Guid(adb3eb1c35fcff14f89fba7b05c9d71c) Importer(815301076,1909f56bfc062723c751e8b465ee728b)  -> (artifact id: '429c5651c1dcd15abaadeb9b0486a55b') in 0.046741 seconds
  Import took 0.049377 seconds .

========================================================================
Received Import Request.
  Time since last request: 6.708860 seconds.
  path: Assets/GameMain/Scenes
  artifactKey: Guid(8aa04725784d110458eddfb0f7fed5dc) Importer(815301076,1909f56bfc062723c751e8b465ee728b)
Start importing Assets/GameMain/Scenes using Guid(8aa04725784d110458eddfb0f7fed5dc) Importer(815301076,1909f56bfc062723c751e8b465ee728b)  -> (artifact id: '107732e75fb08eb826954ebacb8e14fe') in 0.003753 seconds
  Import took 0.006137 seconds .

========================================================================
Received Import Request.
  Time since last request: 11.290734 seconds.
  path: Assets/GameMain/Scenes/GameFramework.prefab
  artifactKey: Guid(13b932d24ee53da4780d474650b4f9b9) Importer(815301076,1909f56bfc062723c751e8b465ee728b)
Start importing Assets/GameMain/Scenes/GameFramework.prefab using Guid(13b932d24ee53da4780d474650b4f9b9) Importer(815301076,1909f56bfc062723c751e8b465ee728b)  -> (artifact id: 'c649ae73cd4f8e1ab55c7f2e0f4a7c1c') in 0.004941 seconds
  Import took 0.007234 seconds .

========================================================================
Received Prepare
Registering precompiled user dll's ...
Registered in 0.012253 seconds.
Begin MonoManager ReloadAssembly
Native extension for WindowsStandalone target not found
Refreshing native plugins compatible for Editor in 0.29 ms, found 0 plugins.
Preloading 0 native plugins for Editor in 0.00 ms.
Curl error 42: Callback aborted
Invoked RoslynAnalysisRunner static constructor.
RoslynAnalysisRunner will not be running.
RoslynAnalysisRunner has terminated.
Mono: successfully reloaded assembly
- Completed reload, in  1.849 seconds
Platform modules already initialized, skipping
Refreshing native plugins compatible for Editor in 0.32 ms, found 0 plugins.
Preloading 0 native plugins for Editor in 0.00 ms.
Unloading 1508 Unused Serialized files (Serialized files now loaded: 0)
System memory in use before: 71.1 MB.
System memory in use after: 71.2 MB.

Unloading 12 unused Assets to reduce memory usage. Loaded Objects now: 2007.
Total: 1.471400 ms (FindLiveObjects: 0.138000 ms CreateObjectMapping: 0.044600 ms MarkObjects: 1.273900 ms  DeleteObjects: 0.014000 ms)

========================================================================
Received Import Request.
  Time since last request: 429.034929 seconds.
  path: Assets/GameMain/Scenes/Launcher.unity
  artifactKey: Guid(40b073185eab70c42bcf429fe62e47d3) Importer(815301076,1909f56bfc062723c751e8b465ee728b)
Start importing Assets/GameMain/Scenes/Launcher.unity using Guid(40b073185eab70c42bcf429fe62e47d3) Importer(815301076,1909f56bfc062723c751e8b465ee728b)  -> (artifact id: '6496245da9c548f21142f79bf882e1e6') in 0.012059 seconds
  Import took 0.014604 seconds .

========================================================================
Received Prepare
Registering precompiled user dll's ...
Registered in 0.004350 seconds.
Begin MonoManager ReloadAssembly
Native extension for WindowsStandalone target not found
Refreshing native plugins compatible for Editor in 0.59 ms, found 0 plugins.
Preloading 0 native plugins for Editor in 0.00 ms.
Curl error 42: Callback aborted
Invoked RoslynAnalysisRunner static constructor.
RoslynAnalysisRunner will not be running.
RoslynAnalysisRunner has terminated.
Mono: successfully reloaded assembly
- Completed reload, in  1.819 seconds
Platform modules already initialized, skipping
Refreshing native plugins compatible for Editor in 0.46 ms, found 0 plugins.
Preloading 0 native plugins for Editor in 0.00 ms.
Unloading 1508 Unused Serialized files (Serialized files now loaded: 0)
System memory in use before: 71.2 MB.
System memory in use after: 71.3 MB.

Unloading 12 unused Assets to reduce memory usage. Loaded Objects now: 2009.
Total: 1.557000 ms (FindLiveObjects: 0.150000 ms CreateObjectMapping: 0.047200 ms MarkObjects: 1.335400 ms  DeleteObjects: 0.023400 ms)

========================================================================
Received Import Request.
  Time since last request: 229.138506 seconds.
  path: Assets/GameMain/Scripts/BuiltinData
  artifactKey: Guid(33ba0562010e2da46883baefb271f573) Importer(815301076,1909f56bfc062723c751e8b465ee728b)
Start importing Assets/GameMain/Scripts/BuiltinData using Guid(33ba0562010e2da46883baefb271f573) Importer(815301076,1909f56bfc062723c751e8b465ee728b)  -> (artifact id: 'd8a9c60144cc853aba7f4da6af483c28') in 0.006838 seconds
  Import took 0.009307 seconds .

========================================================================
Received Import Request.
  Time since last request: 7.190023 seconds.
  path: Assets/GameMain/Scripts/Base/GameEntry.Builtin.cs
  artifactKey: Guid(98387342fa09ebd46a2ab54100d80c2f) Importer(815301076,1909f56bfc062723c751e8b465ee728b)
Start importing Assets/GameMain/Scripts/Base/GameEntry.Builtin.cs using Guid(98387342fa09ebd46a2ab54100d80c2f) Importer(815301076,1909f56bfc062723c751e8b465ee728b)  -> (artifact id: '47fa78635dde7cd45710e7d55c682e40') in 0.018970 seconds
  Import took 0.021555 seconds .

========================================================================
Received Import Request.
  Time since last request: 0.010328 seconds.
  path: Assets/GameMain/Scripts/Base/GameEntry.Builtin.cs
  artifactKey: Guid(98387342fa09ebd46a2ab54100d80c2f) Importer(815301076,1909f56bfc062723c751e8b465ee728b)
Start importing Assets/GameMain/Scripts/Base/GameEntry.Builtin.cs using Guid(98387342fa09ebd46a2ab54100d80c2f) Importer(815301076,1909f56bfc062723c751e8b465ee728b)  -> (artifact id: '47fa78635dde7cd45710e7d55c682e40') in 0.003433 seconds
  Import took 0.005707 seconds .

========================================================================
Received Import Request.
  Time since last request: 133.229487 seconds.
  path: Assets/GameMain/Configs/DefaultDictionary.xml
  artifactKey: Guid(00759be143ffa5445b151c2540612e8f) Importer(815301076,1909f56bfc062723c751e8b465ee728b)
Start importing Assets/GameMain/Configs/DefaultDictionary.xml using Guid(00759be143ffa5445b151c2540612e8f) Importer(815301076,1909f56bfc062723c751e8b465ee728b)  -> (artifact id: 'c30fd3a9222fac8d683688587a5b2969') in 0.030563 seconds
  Import took 0.033071 seconds .

========================================================================
Received Prepare
Registering precompiled user dll's ...
Registered in 0.004597 seconds.
Begin MonoManager ReloadAssembly
Native extension for WindowsStandalone target not found
Refreshing native plugins compatible for Editor in 0.27 ms, found 0 plugins.
Preloading 0 native plugins for Editor in 0.00 ms.
Curl error 42: Callback aborted
Invoked RoslynAnalysisRunner static constructor.
RoslynAnalysisRunner will not be running.
RoslynAnalysisRunner has terminated.
Mono: successfully reloaded assembly
- Completed reload, in  1.789 seconds
Platform modules already initialized, skipping
Refreshing native plugins compatible for Editor in 0.35 ms, found 0 plugins.
Preloading 0 native plugins for Editor in 0.00 ms.
Unloading 1508 Unused Serialized files (Serialized files now loaded: 0)
System memory in use before: 71.3 MB.
System memory in use after: 71.4 MB.

Unloading 12 unused Assets to reduce memory usage. Loaded Objects now: 2011.
Total: 2.055100 ms (FindLiveObjects: 0.161600 ms CreateObjectMapping: 0.054100 ms MarkObjects: 1.820200 ms  DeleteObjects: 0.017900 ms)

========================================================================
Received Import Request.
  Time since last request: 184.652742 seconds.
  path: Assets/GameMain/Localization/ChineseSimplified/Dictionaries/Default.xml
  artifactKey: Guid(9be2e1e45f4edd74c8764538ad306b78) Importer(815301076,1909f56bfc062723c751e8b465ee728b)
Start importing Assets/GameMain/Localization/ChineseSimplified/Dictionaries/Default.xml using Guid(9be2e1e45f4edd74c8764538ad306b78) Importer(815301076,1909f56bfc062723c751e8b465ee728b)  -> (artifact id: 'abb7927e003fa98fcc4cf10e31c617d8') in 0.013674 seconds
  Import took 0.016310 seconds .

========================================================================
Received Prepare
Registering precompiled user dll's ...
Registered in 0.003822 seconds.
Begin MonoManager ReloadAssembly
Native extension for WindowsStandalone target not found
Refreshing native plugins compatible for Editor in 0.29 ms, found 0 plugins.
Preloading 0 native plugins for Editor in 0.00 ms.
Curl error 42: Callback aborted
Invoked RoslynAnalysisRunner static constructor.
RoslynAnalysisRunner will not be running.
RoslynAnalysisRunner has terminated.
Mono: successfully reloaded assembly
- Completed reload, in  1.706 seconds
Platform modules already initialized, skipping
Refreshing native plugins compatible for Editor in 0.47 ms, found 0 plugins.
Preloading 0 native plugins for Editor in 0.00 ms.
Unloading 1508 Unused Serialized files (Serialized files now loaded: 0)
System memory in use before: 71.3 MB.
System memory in use after: 71.4 MB.

Unloading 12 unused Assets to reduce memory usage. Loaded Objects now: 2013.
Total: 1.584600 ms (FindLiveObjects: 0.154900 ms CreateObjectMapping: 0.051300 ms MarkObjects: 1.362000 ms  DeleteObjects: 0.015000 ms)

